  [1m[35m (1.0ms)[0m  [1m[35mCREATE DATABASE `dubate_development` DEFAULT CHARACTER SET `utf8mb4`[0m
  [1m[35m (5.5ms)[0m  [1m[35mCREATE DATABASE `dubate_test` DEFAULT CHARACTER SET `utf8mb4`[0m
Started GET "/" for 127.0.0.1 at 2022-02-20 20:32:20 +0900
  [1m[35m (18.3ms)[0m  [1m[34mSELECT `schema_migrations`.`version` FROM `schema_migrations` ORDER BY `schema_migrations`.`version` ASC[0m
Processing by Rails::WelcomeController#index as HTML
  Rendering /Library/Ruby/Gems/2.6.0/gems/railties-6.1.4.6/lib/rails/templates/rails/welcome/index.html.erb
  Rendered /Library/Ruby/Gems/2.6.0/gems/railties-6.1.4.6/lib/rails/templates/rails/welcome/index.html.erb (Duration: 33.2ms | Allocations: 512)
Completed 200 OK in 114ms (Views: 45.2ms | ActiveRecord: 0.0ms | Allocations: 4258)


  [1m[35m (7.0ms)[0m  [1m[34mSELECT GET_LOCK('3166266828006542295', 0)[0m
  [1m[35m (5.0ms)[0m  [1m[34mSELECT `schema_migrations`.`version` FROM `schema_migrations` ORDER BY `schema_migrations`.`version` ASC[0m
Migrating to DeviseCreateUsers (20220221043953)
  [1m[35m (0.5ms)[0m  [1m[34mSELECT RELEASE_LOCK('3166266828006542295')[0m
  [1m[35m (0.5ms)[0m  [1m[34mSELECT GET_LOCK('3166266828006542295', 0)[0m
  [1m[35m (3.0ms)[0m  [1m[34mSELECT `schema_migrations`.`version` FROM `schema_migrations` ORDER BY `schema_migrations`.`version` ASC[0m
Migrating to DeviseCreateUsers (20220221043953)
  [1m[35m (103.5ms)[0m  [1m[35mCREATE TABLE `users` (`id` bigint NOT NULL AUTO_INCREMENT PRIMARY KEY, `email` varchar(255) DEFAULT '' NOT NULL, `encrypted_password` varchar(255) DEFAULT '' NOT NULL, `reset_password_token` varchar(255), `reset_password_sent_at` datetime, `remember_created_at` datetime, `name` varchar(255) DEFAULT '' NOT NULL, `profile` text, `created_at` datetime(6) NOT NULL, `updated_at` datetime(6) NOT NULL)[0m
  [1m[35m (0.6ms)[0m  [1m[34mSELECT RELEASE_LOCK('3166266828006542295')[0m
  [1m[35m (4.4ms)[0m  [1m[35mCREATE DATABASE `dubate_development` DEFAULT CHARACTER SET `utf8mb4`[0m
  [1m[35m (5.3ms)[0m  [1m[35mCREATE DATABASE `dubate_test` DEFAULT CHARACTER SET `utf8mb4`[0m
  [1m[35m (61.7ms)[0m  [1m[35mCREATE TABLE `schema_migrations` (`version` varchar(255) NOT NULL PRIMARY KEY)[0m
  [1m[35m (26.6ms)[0m  [1m[35mCREATE TABLE `ar_internal_metadata` (`key` varchar(255) NOT NULL PRIMARY KEY, `value` varchar(255), `created_at` datetime(6) NOT NULL, `updated_at` datetime(6) NOT NULL)[0m
  [1m[35m (0.2ms)[0m  [1m[34mSELECT GET_LOCK('3166266828006542295', 0)[0m
  [1m[35m (0.8ms)[0m  [1m[34mSELECT `schema_migrations`.`version` FROM `schema_migrations` ORDER BY `schema_migrations`.`version` ASC[0m
Migrating to DeviseCreateUsers (20220221043953)
  [1m[35m (40.0ms)[0m  [1m[35mCREATE TABLE `users` (`id` bigint NOT NULL AUTO_INCREMENT PRIMARY KEY, `email` varchar(255) DEFAULT '' NOT NULL, `encrypted_password` varchar(255) DEFAULT '' NOT NULL, `reset_password_token` varchar(255), `reset_password_sent_at` datetime, `remember_created_at` datetime, `name` varchar(255) DEFAULT '' NOT NULL, `profile` text, `created_at` datetime(6) NOT NULL, `updated_at` datetime(6) NOT NULL)[0m
  [1m[35m (40.7ms)[0m  [1m[35mCREATE UNIQUE INDEX `index_users_on_email` ON `users` (`email`)[0m
  [1m[35m (24.2ms)[0m  [1m[35mCREATE UNIQUE INDEX `index_users_on_reset_password_token` ON `users` (`reset_password_token`)[0m
  [1m[36mTRANSACTION (0.2ms)[0m  [1m[35mBEGIN[0m
  [1m[36mActiveRecord::SchemaMigration Create (0.8ms)[0m  [1m[32mINSERT INTO `schema_migrations` (`version`) VALUES ('20220221043953')[0m
  [1m[36mTRANSACTION (7.2ms)[0m  [1m[35mCOMMIT[0m
  [1m[36mActiveRecord::InternalMetadata Load (2.0ms)[0m  [1m[34mSELECT `ar_internal_metadata`.* FROM `ar_internal_metadata` WHERE `ar_internal_metadata`.`key` = 'environment' LIMIT 1[0m
  [1m[36mTRANSACTION (0.5ms)[0m  [1m[35mBEGIN[0m
  [1m[36mActiveRecord::InternalMetadata Create (0.5ms)[0m  [1m[32mINSERT INTO `ar_internal_metadata` (`key`, `value`, `created_at`, `updated_at`) VALUES ('environment', 'development', '2022-02-21 05:12:36.911807', '2022-02-21 05:12:36.911807')[0m
  [1m[36mTRANSACTION (3.1ms)[0m  [1m[35mCOMMIT[0m
  [1m[35m (0.3ms)[0m  [1m[34mSELECT RELEASE_LOCK('3166266828006542295')[0m
  [1m[35m (2.3ms)[0m  [1m[34mSELECT `schema_migrations`.`version` FROM `schema_migrations` ORDER BY `schema_migrations`.`version` ASC[0m
Started GET "/" for 127.0.0.1 at 2022-02-21 14:22:54 +0900
  [1m[35m (1.8ms)[0m  [1m[34mSELECT `schema_migrations`.`version` FROM `schema_migrations` ORDER BY `schema_migrations`.`version` ASC[0m
Processing by PagesController#index as HTML
  Rendering layout layouts/application.html.erb
  Rendering pages/index.html.erb within layouts/application
  Rendered pages/index.html.erb within layouts/application (Duration: 7.5ms | Allocations: 238)
[Webpacker] Compiling...
[Webpacker] Compiled all packs in /Users/saitotakuro/Desktop/開発/dubate/dubate/public/packs
[Webpacker] Hash: 2034dd941d5476d8645c
Version: webpack 4.46.0
Time: 5459ms
Built at: 2022/02/21 14:23:08
                                     Asset       Size       Chunks                         Chunk Names
    js/application-3dd0dc24d9c39bc09227.js    125 KiB  application  [emitted] [immutable]  application
js/application-3dd0dc24d9c39bc09227.js.map    139 KiB  application  [emitted] [dev]        application
                             manifest.json  364 bytes               [emitted]              
Entrypoint application = js/application-3dd0dc24d9c39bc09227.js js/application-3dd0dc24d9c39bc09227.js.map
[./app/javascript/channels sync recursive _channel\.js$] ./app/javascript/channels sync _channel\.js$ 160 bytes {application} [built]
[./app/javascript/channels/index.js] 211 bytes {application} [built]
[./app/javascript/packs/application.js] 492 bytes {application} [built]
[./node_modules/webpack/buildin/module.js] (webpack)/buildin/module.js 552 bytes {application} [built]
    + 3 hidden modules

  Rendered layout layouts/application.html.erb (Duration: 14686.7ms | Allocations: 21808)
Completed 200 OK in 14755ms (Views: 14705.0ms | ActiveRecord: 0.0ms | Allocations: 24571)


Started GET "/" for 127.0.0.1 at 2022-02-21 19:31:43 +0900
  [1m[35m (3.0ms)[0m  [1m[34mSELECT `schema_migrations`.`version` FROM `schema_migrations` ORDER BY `schema_migrations`.`version` ASC[0m
Processing by PagesController#index as HTML
  Rendering layout layouts/application.html.erb
  Rendering pages/index.html.erb within layouts/application
  Rendered pages/index.html.erb within layouts/application (Duration: 32.1ms | Allocations: 401)
[Webpacker] Compiling...
[Webpacker] Compilation failed:
internal/modules/cjs/loader.js:1032
  throw err;
  ^

Error: Cannot find module 'resolve-from'
Require stack:
- /Users/saitotakuro/Desktop/dev/dubate/node_modules/resolve-cwd/index.js
- /Users/saitotakuro/Desktop/dev/dubate/node_modules/import-local/index.js
- /Users/saitotakuro/Desktop/dev/dubate/node_modules/webpack-cli/bin/cli.js
- /Users/saitotakuro/Desktop/dev/dubate/node_modules/webpack/bin/webpack.js
    at Function.Module._resolveFilename (internal/modules/cjs/loader.js:1029:15)
    at Function.Module._load (internal/modules/cjs/loader.js:898:27)
    at Module.require (internal/modules/cjs/loader.js:1089:19)
    at require (internal/modules/cjs/helpers.js:73:18)
    at Object.<anonymous> (/Users/saitotakuro/Desktop/dev/dubate/node_modules/resolve-cwd/index.js:2:21)
    at Module._compile (internal/modules/cjs/loader.js:1200:30)
    at Object.Module._extensions..js (internal/modules/cjs/loader.js:1220:10)
    at Module.load (internal/modules/cjs/loader.js:1049:32)
    at Function.Module._load (internal/modules/cjs/loader.js:937:14)
    at Module.require (internal/modules/cjs/loader.js:1089:19) {
  code: 'MODULE_NOT_FOUND',
  requireStack: [
    '/Users/saitotakuro/Desktop/dev/dubate/node_modules/resolve-cwd/index.js',
    '/Users/saitotakuro/Desktop/dev/dubate/node_modules/import-local/index.js',
    '/Users/saitotakuro/Desktop/dev/dubate/node_modules/webpack-cli/bin/cli.js',
    '/Users/saitotakuro/Desktop/dev/dubate/node_modules/webpack/bin/webpack.js'
  ]
}

  Rendered layout layouts/application.html.erb (Duration: 8109.5ms | Allocations: 22753)
Completed 500 Internal Server Error in 8407ms (ActiveRecord: 0.0ms | Allocations: 29727)


  
ActionView::Template::Error (Webpacker can't find application.js in /Users/saitotakuro/Desktop/dev/dubate/public/packs/manifest.json. Possible causes:
1. You want to set webpacker.yml value of compile to true for your environment
   unless you are using the `webpack -w` or the webpack-dev-server.
2. webpack has not yet re-run to reflect updates.
3. You have misconfigured Webpacker's config/webpacker.yml file.
4. Your webpack configuration is not creating a manifest.
Your manifest contains:
{
}
):
     7:     <%= csp_meta_tag %>
     8: 
     9:     <%= stylesheet_link_tag 'application', media: 'all', 'data-turbolinks-track': 'reload' %>
    10:     <%= javascript_pack_tag 'application', 'data-turbolinks-track': 'reload' %>
    11:   </head>
    12: 
    13:   <body>
  
app/views/layouts/application.html.erb:10
Started GET "/" for 127.0.0.1 at 2022-02-21 19:31:56 +0900
Processing by PagesController#index as HTML
  Rendering layout layouts/application.html.erb
  Rendering pages/index.html.erb within layouts/application
  Rendered pages/index.html.erb within layouts/application (Duration: 0.1ms | Allocations: 37)
[Webpacker] Compiling...
Started GET "/favicon.ico" for 127.0.0.1 at 2022-02-21 19:31:57 +0900
  
ActionController::RoutingError (No route matches [GET] "/favicon.ico"):
  
[Webpacker] Compilation failed:
internal/modules/cjs/loader.js:1032
  throw err;
  ^

Error: Cannot find module 'resolve-from'
Require stack:
- /Users/saitotakuro/Desktop/dev/dubate/node_modules/resolve-cwd/index.js
- /Users/saitotakuro/Desktop/dev/dubate/node_modules/import-local/index.js
- /Users/saitotakuro/Desktop/dev/dubate/node_modules/webpack-cli/bin/cli.js
- /Users/saitotakuro/Desktop/dev/dubate/node_modules/webpack/bin/webpack.js
    at Function.Module._resolveFilename (internal/modules/cjs/loader.js:1029:15)
    at Function.Module._load (internal/modules/cjs/loader.js:898:27)
    at Module.require (internal/modules/cjs/loader.js:1089:19)
    at require (internal/modules/cjs/helpers.js:73:18)
    at Object.<anonymous> (/Users/saitotakuro/Desktop/dev/dubate/node_modules/resolve-cwd/index.js:2:21)
    at Module._compile (internal/modules/cjs/loader.js:1200:30)
    at Object.Module._extensions..js (internal/modules/cjs/loader.js:1220:10)
    at Module.load (internal/modules/cjs/loader.js:1049:32)
    at Function.Module._load (internal/modules/cjs/loader.js:937:14)
    at Module.require (internal/modules/cjs/loader.js:1089:19) {
  code: 'MODULE_NOT_FOUND',
  requireStack: [
    '/Users/saitotakuro/Desktop/dev/dubate/node_modules/resolve-cwd/index.js',
    '/Users/saitotakuro/Desktop/dev/dubate/node_modules/import-local/index.js',
    '/Users/saitotakuro/Desktop/dev/dubate/node_modules/webpack-cli/bin/cli.js',
    '/Users/saitotakuro/Desktop/dev/dubate/node_modules/webpack/bin/webpack.js'
  ]
}

  Rendered layout layouts/application.html.erb (Duration: 7462.4ms | Allocations: 47997)
Completed 500 Internal Server Error in 7467ms (ActiveRecord: 0.0ms | Allocations: 51112)


  
ActionView::Template::Error (Webpacker can't find application.js in /Users/saitotakuro/Desktop/dev/dubate/public/packs/manifest.json. Possible causes:
1. You want to set webpacker.yml value of compile to true for your environment
   unless you are using the `webpack -w` or the webpack-dev-server.
2. webpack has not yet re-run to reflect updates.
3. You have misconfigured Webpacker's config/webpacker.yml file.
4. Your webpack configuration is not creating a manifest.
Your manifest contains:
{
}
):
     7:     <%= csp_meta_tag %>
     8: 
     9:     <%= stylesheet_link_tag 'application', media: 'all', 'data-turbolinks-track': 'reload' %>
    10:     <%= javascript_pack_tag 'application', 'data-turbolinks-track': 'reload' %>
    11:   </head>
    12: 
    13:   <body>
  
app/views/layouts/application.html.erb:10
Started GET "/" for 127.0.0.1 at 2022-02-21 19:32:47 +0900
  [1m[35m (8.4ms)[0m  [1m[34mSELECT `schema_migrations`.`version` FROM `schema_migrations` ORDER BY `schema_migrations`.`version` ASC[0m
Processing by PagesController#index as HTML
  Rendering layout layouts/application.html.erb
  Rendering pages/index.html.erb within layouts/application
  Rendered pages/index.html.erb within layouts/application (Duration: 3.5ms | Allocations: 238)
[Webpacker] Everything's up-to-date. Nothing to do
  Rendered layout layouts/application.html.erb (Duration: 95.8ms | Allocations: 6333)
Completed 200 OK in 181ms (Views: 114.8ms | ActiveRecord: 0.0ms | Allocations: 11820)


